<?xml version="1.0" encoding="UTF-8"?>
<!-- Generated by org.testng.reporters.JUnitXMLReporter -->
<testsuite ignored="1" hostname="Ksk_Tej_Vadgal" failures="0" tests="1" name="Default test" time="5.175" errors="0" timestamp="2024-02-26T21:07:08 EST">
  <testcase classname="org.techArk.login.ValidateLoginAPI_Functionality" name="validateLoginWithValidCredentials" time="4.666"/>
  <testcase classname="org.techArk.login.ValidateLoginAPI_Functionality" name="validateLoginWithInValidCredentials" time="0.0">
    <ignored/>
  </testcase> <!-- validateLoginWithInValidCredentials -->
</testsuite> <!-- Default test -->
