<?xml version="1.0" encoding="UTF-8"?>
<!-- Generated by org.testng.reporters.JUnitXMLReporter -->
<testsuite ignored="0" hostname="HK" failures="0" tests="2" name="Login functionality" time="4.4" errors="0" timestamp="2024-03-19T00:38:30 PDT">
  <testcase classname="org.techArk.tests.login.ValidateLoginAPI_Functionality" name="validateLoginWithValidCredentials" time="2.51"/>
  <testcase classname="org.techArk.tests.login.ValidateLoginAPI_Functionality" name="validateLoginWithInValidCredentials" time="0.355"/>
</testsuite> <!-- Login functionality -->
